{"C:\\Users\\sean_\\OneDrive\\Desktop\\Code\\enio\\packages\\data-ferret\\src\\lib\\containsKeys\\containsKeys.ts": {"path":"C:\\Users\\sean_\\OneDrive\\Desktop\\Code\\enio\\packages\\data-ferret\\src\\lib\\containsKeys\\containsKeys.ts","statementMap":{"0":{"start":{"line":1,"column":0},"end":{"line":1,"column":44}},"1":{"start":{"line":2,"column":0},"end":{"line":2,"column":65}},"2":{"start":{"line":3,"column":0},"end":{"line":3,"column":80}},"3":{"start":{"line":9,"column":28},"end":{"line":15,"column":1}},"4":{"start":{"line":10,"column":2},"end":{"line":10,"column":null}},"5":{"start":{"line":10,"column":20},"end":{"line":10,"column":null}},"6":{"start":{"line":11,"column":19},"end":{"line":11,"column":34}},"7":{"start":{"line":12,"column":2},"end":{"line":12,"column":null}},"8":{"start":{"line":12,"column":33},"end":{"line":12,"column":null}},"9":{"start":{"line":13,"column":21},"end":{"line":13,"column":58}},"10":{"start":{"line":14,"column":2},"end":{"line":14,"column":null}},"11":{"start":{"line":14,"column":25},"end":{"line":14,"column":48}},"12":{"start":{"line":9,"column":13},"end":{"line":9,"column":28}}},"fnMap":{"0":{"name":"(anonymous_0)","decl":{"start":{"line":9,"column":28},"end":{"line":9,"column":29}},"loc":{"start":{"line":9,"column":73},"end":{"line":15,"column":1}}},"1":{"name":"(anonymous_1)","decl":{"start":{"line":14,"column":20},"end":{"line":14,"column":21}},"loc":{"start":{"line":14,"column":25},"end":{"line":14,"column":48}}}},"branchMap":{"0":{"loc":{"start":{"line":10,"column":2},"end":{"line":10,"column":null}},"type":"if","locations":[{"start":{"line":10,"column":2},"end":{"line":10,"column":null}}]},"1":{"loc":{"start":{"line":12,"column":2},"end":{"line":12,"column":null}},"type":"if","locations":[{"start":{"line":12,"column":2},"end":{"line":12,"column":null}}]}},"s":{"0":1,"1":1,"2":1,"3":1,"4":9,"5":1,"6":8,"7":8,"8":4,"9":4,"10":4,"11":5,"12":1},"f":{"0":9,"1":5},"b":{"0":[1],"1":[4]}}
,"C:\\Users\\sean_\\OneDrive\\Desktop\\Code\\enio\\packages\\data-ferret\\src\\lib\\deregisterClassTypes\\deregisterClassTypes.ts": {"path":"C:\\Users\\sean_\\OneDrive\\Desktop\\Code\\enio\\packages\\data-ferret\\src\\lib\\deregisterClassTypes\\deregisterClassTypes.ts","statementMap":{"0":{"start":{"line":2,"column":0},"end":{"line":2,"column":52}},"1":{"start":{"line":8,"column":36},"end":{"line":21,"column":1}},"2":{"start":{"line":9,"column":2},"end":{"line":12,"column":null}},"3":{"start":{"line":10,"column":4},"end":{"line":10,"column":null}},"4":{"start":{"line":10,"column":37},"end":{"line":10,"column":null}},"5":{"start":{"line":11,"column":4},"end":{"line":11,"column":10}},"6":{"start":{"line":13,"column":18},"end":{"line":16,"column":11}},"7":{"start":{"line":14,"column":21},"end":{"line":14,"column":56}},"8":{"start":{"line":15,"column":21},"end":{"line":15,"column":31}},"9":{"start":{"line":17,"column":2},"end":{"line":20,"column":null}},"10":{"start":{"line":18,"column":4},"end":{"line":18,"column":null}},"11":{"start":{"line":19,"column":4},"end":{"line":19,"column":null}},"12":{"start":{"line":8,"column":13},"end":{"line":8,"column":36}}},"fnMap":{"0":{"name":"(anonymous_0)","decl":{"start":{"line":8,"column":36},"end":{"line":8,"column":37}},"loc":{"start":{"line":8,"column":84},"end":{"line":21,"column":1}}},"1":{"name":"(anonymous_1)","decl":{"start":{"line":14,"column":9},"end":{"line":14,"column":17}},"loc":{"start":{"line":14,"column":21},"end":{"line":14,"column":56}}},"2":{"name":"(anonymous_2)","decl":{"start":{"line":15,"column":12},"end":{"line":15,"column":17}},"loc":{"start":{"line":15,"column":21},"end":{"line":15,"column":31}}}},"branchMap":{"0":{"loc":{"start":{"line":9,"column":2},"end":{"line":12,"column":null}},"type":"if","locations":[{"start":{"line":9,"column":2},"end":{"line":12,"column":null}}]}},"s":{"0":13,"1":13,"2":28,"3":18,"4":26,"5":18,"6":10,"7":13,"8":13,"9":10,"10":12,"11":12,"12":13},"f":{"0":28,"1":13,"2":13},"b":{"0":[18]}}
,"C:\\Users\\sean_\\OneDrive\\Desktop\\Code\\enio\\packages\\data-ferret\\src\\lib\\deregisterIterableClass\\deregisterIterableClass.ts": {"path":"C:\\Users\\sean_\\OneDrive\\Desktop\\Code\\enio\\packages\\data-ferret\\src\\lib\\deregisterIterableClass\\deregisterIterableClass.ts","statementMap":{"0":{"start":{"line":2,"column":0},"end":{"line":2,"column":60}},"1":{"start":{"line":3,"column":0},"end":{"line":3,"column":83}},"2":{"start":{"line":9,"column":39},"end":{"line":26,"column":1}},"3":{"start":{"line":10,"column":2},"end":{"line":24,"column":null}},"4":{"start":{"line":11,"column":4},"end":{"line":14,"column":null}},"5":{"start":{"line":12,"column":23},"end":{"line":12,"column":100}},"6":{"start":{"line":13,"column":6},"end":{"line":13,"column":null}},"7":{"start":{"line":16,"column":20},"end":{"line":19,"column":13}},"8":{"start":{"line":17,"column":23},"end":{"line":17,"column":96}},"9":{"start":{"line":17,"column":68},"end":{"line":17,"column":95}},"10":{"start":{"line":18,"column":23},"end":{"line":18,"column":33}},"11":{"start":{"line":20,"column":4},"end":{"line":23,"column":null}},"12":{"start":{"line":21,"column":6},"end":{"line":21,"column":null}},"13":{"start":{"line":22,"column":6},"end":{"line":22,"column":null}},"14":{"start":{"line":25,"column":2},"end":{"line":25,"column":null}},"15":{"start":{"line":9,"column":13},"end":{"line":9,"column":39}}},"fnMap":{"0":{"name":"(anonymous_0)","decl":{"start":{"line":9,"column":39},"end":{"line":9,"column":40}},"loc":{"start":{"line":9,"column":87},"end":{"line":26,"column":1}}},"1":{"name":"(anonymous_1)","decl":{"start":{"line":17,"column":11},"end":{"line":17,"column":19}},"loc":{"start":{"line":17,"column":23},"end":{"line":17,"column":96}}},"2":{"name":"(anonymous_2)","decl":{"start":{"line":17,"column":59},"end":{"line":17,"column":64}},"loc":{"start":{"line":17,"column":68},"end":{"line":17,"column":95}}},"3":{"name":"(anonymous_3)","decl":{"start":{"line":18,"column":14},"end":{"line":18,"column":19}},"loc":{"start":{"line":18,"column":23},"end":{"line":18,"column":33}}}},"branchMap":{"0":{"loc":{"start":{"line":10,"column":2},"end":{"line":24,"column":null}},"type":"if","locations":[{"start":{"line":10,"column":2},"end":{"line":24,"column":null}},{"start":{"line":15,"column":9},"end":{"line":24,"column":null}}]},"1":{"loc":{"start":{"line":13,"column":6},"end":{"line":13,"column":78}},"type":"binary-expr","locations":[{"start":{"line":13,"column":6},"end":{"line":13,"column":41}},{"start":{"line":13,"column":45},"end":{"line":13,"column":78}}]}},"s":{"0":9,"1":9,"2":9,"3":18,"4":13,"5":17,"6":17,"7":5,"8":5,"9":7,"10":5,"11":5,"12":4,"13":4,"14":18,"15":9},"f":{"0":18,"1":5,"2":7,"3":5},"b":{"0":[13,5],"1":[17,17]}}
,"C:\\Users\\sean_\\OneDrive\\Desktop\\Code\\enio\\packages\\data-ferret\\src\\lib\\getIterableOperators\\getIterableOperators.ts": {"path":"C:\\Users\\sean_\\OneDrive\\Desktop\\Code\\enio\\packages\\data-ferret\\src\\lib\\getIterableOperators\\getIterableOperators.ts","statementMap":{"0":{"start":{"line":1,"column":0},"end":{"line":1,"column":60}},"1":{"start":{"line":4,"column":36},"end":{"line":9,"column":1}},"2":{"start":{"line":5,"column":48},"end":{"line":6,"column":null}},"3":{"start":{"line":6,"column":9},"end":{"line":6,"column":65}},"4":{"start":{"line":8,"column":2},"end":{"line":8,"column":null}},"5":{"start":{"line":4,"column":13},"end":{"line":4,"column":36}}},"fnMap":{"0":{"name":"(anonymous_0)","decl":{"start":{"line":4,"column":36},"end":{"line":4,"column":66}},"loc":{"start":{"line":4,"column":81},"end":{"line":9,"column":1}}},"1":{"name":"(anonymous_1)","decl":{"start":{"line":6,"column":4},"end":{"line":6,"column":5}},"loc":{"start":{"line":6,"column":9},"end":{"line":6,"column":65}}}},"branchMap":{},"s":{"0":2,"1":2,"2":26,"3":47,"4":26,"5":2},"f":{"0":26,"1":47},"b":{}}
,"C:\\Users\\sean_\\OneDrive\\Desktop\\Code\\enio\\packages\\data-ferret\\src\\lib\\getIterableTypes\\getIterableTypes.ts": {"path":"C:\\Users\\sean_\\OneDrive\\Desktop\\Code\\enio\\packages\\data-ferret\\src\\lib\\getIterableTypes\\getIterableTypes.ts","statementMap":{"0":{"start":{"line":2,"column":0},"end":{"line":2,"column":60}},"1":{"start":{"line":8,"column":32},"end":{"line":14,"column":4}},"2":{"start":{"line":9,"column":2},"end":{"line":14,"column":4}},"3":{"start":{"line":10,"column":17},"end":{"line":10,"column":30}},"4":{"start":{"line":11,"column":4},"end":{"line":11,"column":null}},"5":{"start":{"line":11,"column":30},"end":{"line":11,"column":null}},"6":{"start":{"line":12,"column":4},"end":{"line":12,"column":null}},"7":{"start":{"line":12,"column":29},"end":{"line":12,"column":null}},"8":{"start":{"line":13,"column":4},"end":{"line":13,"column":null}},"9":{"start":{"line":8,"column":13},"end":{"line":8,"column":32}}},"fnMap":{"0":{"name":"(anonymous_0)","decl":{"start":{"line":8,"column":32},"end":{"line":8,"column":69}},"loc":{"start":{"line":9,"column":2},"end":{"line":14,"column":4}}},"1":{"name":"(anonymous_1)","decl":{"start":{"line":9,"column":32},"end":{"line":9,"column":33}},"loc":{"start":{"line":9,"column":49},"end":{"line":14,"column":3}}}},"branchMap":{"0":{"loc":{"start":{"line":11,"column":4},"end":{"line":11,"column":null}},"type":"if","locations":[{"start":{"line":11,"column":4},"end":{"line":11,"column":null}}]},"1":{"loc":{"start":{"line":12,"column":4},"end":{"line":12,"column":null}},"type":"if","locations":[{"start":{"line":12,"column":4},"end":{"line":12,"column":null}}]}},"s":{"0":9,"1":9,"2":14517,"3":29067,"4":29067,"5":14517,"6":14550,"7":14517,"8":33,"9":9},"f":{"0":14517,"1":29067},"b":{"0":[14517],"1":[14517]}}
,"C:\\Users\\sean_\\OneDrive\\Desktop\\Code\\enio\\packages\\data-ferret\\src\\lib\\getKeysFromIterable\\getKeysFromIterable.ts": {"path":"C:\\Users\\sean_\\OneDrive\\Desktop\\Code\\enio\\packages\\data-ferret\\src\\lib\\getKeysFromIterable\\getKeysFromIterable.ts","statementMap":{"0":{"start":{"line":2,"column":0},"end":{"line":2,"column":71}},"1":{"start":{"line":3,"column":0},"end":{"line":3,"column":47}},"2":{"start":{"line":8,"column":35},"end":{"line":16,"column":1}},"3":{"start":{"line":9,"column":2},"end":{"line":9,"column":null}},"4":{"start":{"line":9,"column":28},"end":{"line":9,"column":null}},"5":{"start":{"line":10,"column":2},"end":{"line":10,"column":null}},"6":{"start":{"line":10,"column":29},"end":{"line":10,"column":null}},"7":{"start":{"line":11,"column":24},"end":{"line":11,"column":107}},"8":{"start":{"line":11,"column":73},"end":{"line":11,"column":106}},"9":{"start":{"line":12,"column":2},"end":{"line":12,"column":null}},"10":{"start":{"line":12,"column":22},"end":{"line":12,"column":null}},"11":{"start":{"line":13,"column":13},"end":{"line":13,"column":42}},"12":{"start":{"line":14,"column":2},"end":{"line":14,"column":null}},"13":{"start":{"line":14,"column":44},"end":{"line":14,"column":null}},"14":{"start":{"line":14,"column":70},"end":{"line":14,"column":84}},"15":{"start":{"line":15,"column":2},"end":{"line":15,"column":null}},"16":{"start":{"line":8,"column":13},"end":{"line":8,"column":35}}},"fnMap":{"0":{"name":"(anonymous_0)","decl":{"start":{"line":8,"column":35},"end":{"line":8,"column":65}},"loc":{"start":{"line":8,"column":107},"end":{"line":16,"column":1}}},"1":{"name":"(anonymous_1)","decl":{"start":{"line":11,"column":55},"end":{"line":11,"column":56}},"loc":{"start":{"line":11,"column":73},"end":{"line":11,"column":106}}},"2":{"name":"(anonymous_2)","decl":{"start":{"line":14,"column":63},"end":{"line":14,"column":66}},"loc":{"start":{"line":14,"column":70},"end":{"line":14,"column":84}}}},"branchMap":{"0":{"loc":{"start":{"line":9,"column":2},"end":{"line":9,"column":null}},"type":"if","locations":[{"start":{"line":9,"column":2},"end":{"line":9,"column":null}}]},"1":{"loc":{"start":{"line":10,"column":2},"end":{"line":10,"column":null}},"type":"if","locations":[{"start":{"line":10,"column":2},"end":{"line":10,"column":null}}]},"2":{"loc":{"start":{"line":12,"column":2},"end":{"line":12,"column":null}},"type":"if","locations":[{"start":{"line":12,"column":2},"end":{"line":12,"column":null}}]},"3":{"loc":{"start":{"line":14,"column":2},"end":{"line":14,"column":null}},"type":"if","locations":[{"start":{"line":14,"column":2},"end":{"line":14,"column":null}}]}},"s":{"0":6,"1":6,"2":6,"3":20987,"4":39,"5":20987,"6":20944,"7":20987,"8":41933,"9":20987,"10":1,"11":20986,"12":20986,"13":87,"14":156,"15":20986,"16":6},"f":{"0":20987,"1":41933,"2":156},"b":{"0":[39],"1":[20944],"2":[1],"3":[87]}}
,"C:\\Users\\sean_\\OneDrive\\Desktop\\Code\\enio\\packages\\data-ferret\\src\\lib\\getType\\getType.ts": {"path":"C:\\Users\\sean_\\OneDrive\\Desktop\\Code\\enio\\packages\\data-ferret\\src\\lib\\getType\\getType.ts","statementMap":{"0":{"start":{"line":2,"column":0},"end":{"line":2,"column":52}},"1":{"start":{"line":9,"column":23},"end":{"line":20,"column":1}},"2":{"start":{"line":10,"column":2},"end":{"line":10,"column":null}},"3":{"start":{"line":10,"column":23},"end":{"line":10,"column":null}},"4":{"start":{"line":11,"column":25},"end":{"line":11,"column":38}},"5":{"start":{"line":12,"column":2},"end":{"line":18,"column":null}},"6":{"start":{"line":13,"column":4},"end":{"line":13,"column":null}},"7":{"start":{"line":13,"column":31},"end":{"line":13,"column":null}},"8":{"start":{"line":14,"column":4},"end":{"line":17,"column":null}},"9":{"start":{"line":14,"column":17},"end":{"line":14,"column":18}},"10":{"start":{"line":15,"column":30},"end":{"line":15,"column":50}},"11":{"start":{"line":16,"column":6},"end":{"line":16,"column":null}},"12":{"start":{"line":16,"column":45},"end":{"line":16,"column":null}},"13":{"start":{"line":19,"column":2},"end":{"line":19,"column":null}},"14":{"start":{"line":9,"column":13},"end":{"line":9,"column":23}}},"fnMap":{"0":{"name":"(anonymous_0)","decl":{"start":{"line":9,"column":23},"end":{"line":9,"column":53}},"loc":{"start":{"line":9,"column":75},"end":{"line":20,"column":1}}}},"branchMap":{"0":{"loc":{"start":{"line":10,"column":2},"end":{"line":10,"column":null}},"type":"if","locations":[{"start":{"line":10,"column":2},"end":{"line":10,"column":null}}]},"1":{"loc":{"start":{"line":12,"column":2},"end":{"line":18,"column":null}},"type":"if","locations":[{"start":{"line":12,"column":2},"end":{"line":18,"column":null}}]},"2":{"loc":{"start":{"line":13,"column":4},"end":{"line":13,"column":null}},"type":"if","locations":[{"start":{"line":13,"column":4},"end":{"line":13,"column":null}}]},"3":{"loc":{"start":{"line":16,"column":6},"end":{"line":16,"column":null}},"type":"if","locations":[{"start":{"line":16,"column":6},"end":{"line":16,"column":null}}]}},"s":{"0":9,"1":9,"2":14674,"3":19,"4":14655,"5":14655,"6":14391,"7":104,"8":14287,"9":14287,"10":30,"11":30,"12":17,"13":14534,"14":9},"f":{"0":14674},"b":{"0":[19],"1":[14391],"2":[104],"3":[17]}}
,"C:\\Users\\sean_\\OneDrive\\Desktop\\Code\\enio\\packages\\data-ferret\\src\\lib\\hasCircularReference\\hasCircularReference.ts": {"path":"C:\\Users\\sean_\\OneDrive\\Desktop\\Code\\enio\\packages\\data-ferret\\src\\lib\\hasCircularReference\\hasCircularReference.ts","statementMap":{"0":{"start":{"line":2,"column":0},"end":{"line":2,"column":65}},"1":{"start":{"line":3,"column":0},"end":{"line":3,"column":44}},"2":{"start":{"line":4,"column":0},"end":{"line":4,"column":65}},"3":{"start":{"line":5,"column":0},"end":{"line":5,"column":80}},"4":{"start":{"line":8,"column":30},"end":{"line":18,"column":1}},"5":{"start":{"line":9,"column":16},"end":{"line":9,"column":32}},"6":{"start":{"line":10,"column":2},"end":{"line":10,"column":null}},"7":{"start":{"line":10,"column":28},"end":{"line":10,"column":null}},"8":{"start":{"line":11,"column":15},"end":{"line":11,"column":30}},"9":{"start":{"line":12,"column":2},"end":{"line":12,"column":null}},"10":{"start":{"line":12,"column":29},"end":{"line":12,"column":null}},"11":{"start":{"line":13,"column":2},"end":{"line":13,"column":null}},"12":{"start":{"line":14,"column":15},"end":{"line":14,"column":48}},"13":{"start":{"line":15,"column":17},"end":{"line":15,"column":115}},"14":{"start":{"line":15,"column":32},"end":{"line":15,"column":114}},"15":{"start":{"line":16,"column":2},"end":{"line":16,"column":null}},"16":{"start":{"line":16,"column":23},"end":{"line":16,"column":null}},"17":{"start":{"line":17,"column":2},"end":{"line":17,"column":null}},"18":{"start":{"line":23,"column":36},"end":{"line":23,"column":113}},"19":{"start":{"line":23,"column":66},"end":{"line":23,"column":113}},"20":{"start":{"line":23,"column":13},"end":{"line":23,"column":36}}},"fnMap":{"0":{"name":"(anonymous_0)","decl":{"start":{"line":8,"column":30},"end":{"line":8,"column":31}},"loc":{"start":{"line":8,"column":82},"end":{"line":18,"column":1}}},"1":{"name":"(anonymous_1)","decl":{"start":{"line":15,"column":27},"end":{"line":15,"column":28}},"loc":{"start":{"line":15,"column":32},"end":{"line":15,"column":114}}},"2":{"name":"(anonymous_2)","decl":{"start":{"line":23,"column":36},"end":{"line":23,"column":37}},"loc":{"start":{"line":23,"column":66},"end":{"line":23,"column":113}}}},"branchMap":{"0":{"loc":{"start":{"line":10,"column":2},"end":{"line":10,"column":null}},"type":"if","locations":[{"start":{"line":10,"column":2},"end":{"line":10,"column":null}}]},"1":{"loc":{"start":{"line":12,"column":2},"end":{"line":12,"column":null}},"type":"if","locations":[{"start":{"line":12,"column":2},"end":{"line":12,"column":null}}]},"2":{"loc":{"start":{"line":16,"column":2},"end":{"line":16,"column":null}},"type":"if","locations":[{"start":{"line":16,"column":2},"end":{"line":16,"column":null}}]},"3":{"loc":{"start":{"line":16,"column":6},"end":{"line":16,"column":21}},"type":"binary-expr","locations":[{"start":{"line":16,"column":6},"end":{"line":16,"column":12}},{"start":{"line":16,"column":16},"end":{"line":16,"column":21}}]}},"s":{"0":1,"1":1,"2":1,"3":1,"4":1,"5":24,"6":24,"7":2,"8":22,"9":22,"10":12,"11":10,"12":10,"13":10,"14":13,"15":10,"16":2,"17":10,"18":1,"19":11,"20":1},"f":{"0":24,"1":13,"2":11},"b":{"0":[2],"1":[12],"2":[2],"3":[10,4]}}
,"C:\\Users\\sean_\\OneDrive\\Desktop\\Code\\enio\\packages\\data-ferret\\src\\lib\\isIdentical\\isIdentical.ts": {"path":"C:\\Users\\sean_\\OneDrive\\Desktop\\Code\\enio\\packages\\data-ferret\\src\\lib\\isIdentical\\isIdentical.ts","statementMap":{"0":{"start":{"line":3,"column":0},"end":{"line":3,"column":65}},"1":{"start":{"line":4,"column":0},"end":{"line":4,"column":62}},"2":{"start":{"line":5,"column":0},"end":{"line":5,"column":65}},"3":{"start":{"line":6,"column":0},"end":{"line":6,"column":80}},"4":{"start":{"line":7,"column":0},"end":{"line":7,"column":44}},"5":{"start":{"line":13,"column":18},"end":{"line":26,"column":1}},"6":{"start":{"line":14,"column":2},"end":{"line":14,"column":null}},"7":{"start":{"line":14,"column":27},"end":{"line":14,"column":null}},"8":{"start":{"line":15,"column":20},"end":{"line":15,"column":51}},"9":{"start":{"line":16,"column":2},"end":{"line":16,"column":null}},"10":{"start":{"line":16,"column":27},"end":{"line":16,"column":null}},"11":{"start":{"line":17,"column":2},"end":{"line":17,"column":null}},"12":{"start":{"line":17,"column":32},"end":{"line":17,"column":null}},"13":{"start":{"line":18,"column":2},"end":{"line":18,"column":null}},"14":{"start":{"line":18,"column":34},"end":{"line":18,"column":null}},"15":{"start":{"line":19,"column":15},"end":{"line":19,"column":54}},"16":{"start":{"line":20,"column":19},"end":{"line":20,"column":30}},"17":{"start":{"line":21,"column":2},"end":{"line":24,"column":null}},"18":{"start":{"line":21,"column":15},"end":{"line":21,"column":16}},"19":{"start":{"line":22,"column":16},"end":{"line":22,"column":45}},"20":{"start":{"line":23,"column":4},"end":{"line":23,"column":null}},"21":{"start":{"line":23,"column":48},"end":{"line":23,"column":null}},"22":{"start":{"line":25,"column":2},"end":{"line":25,"column":null}},"23":{"start":{"line":28,"column":22},"end":{"line":28,"column":78}},"24":{"start":{"line":28,"column":52},"end":{"line":28,"column":78}},"25":{"start":{"line":28,"column":70},"end":{"line":28,"column":77}},"26":{"start":{"line":30,"column":20},"end":{"line":30,"column":80}},"27":{"start":{"line":30,"column":50},"end":{"line":30,"column":80}},"28":{"start":{"line":30,"column":70},"end":{"line":30,"column":79}},"29":{"start":{"line":32,"column":13},"end":{"line":32,"column":25}},"30":{"start":{"line":32,"column":19},"end":{"line":32,"column":25}},"31":{"start":{"line":38,"column":19},"end":{"line":85,"column":1}},"32":{"start":{"line":39,"column":23},"end":{"line":39,"column":77}},"33":{"start":{"line":39,"column":30},"end":{"line":39,"column":76}},"34":{"start":{"line":40,"column":16},"end":{"line":40,"column":90}},"35":{"start":{"line":40,"column":63},"end":{"line":40,"column":82}},"36":{"start":{"line":41,"column":2},"end":{"line":44,"column":null}},"37":{"start":{"line":42,"column":4},"end":{"line":42,"column":null}},"38":{"start":{"line":43,"column":4},"end":{"line":43,"column":null}},"39":{"start":{"line":45,"column":20},"end":{"line":45,"column":51}},"40":{"start":{"line":46,"column":2},"end":{"line":49,"column":null}},"41":{"start":{"line":47,"column":4},"end":{"line":47,"column":null}},"42":{"start":{"line":48,"column":4},"end":{"line":48,"column":null}},"43":{"start":{"line":50,"column":2},"end":{"line":53,"column":null}},"44":{"start":{"line":51,"column":4},"end":{"line":51,"column":null}},"45":{"start":{"line":52,"column":4},"end":{"line":52,"column":null}},"46":{"start":{"line":54,"column":2},"end":{"line":57,"column":null}},"47":{"start":{"line":55,"column":4},"end":{"line":55,"column":null}},"48":{"start":{"line":56,"column":4},"end":{"line":56,"column":null}},"49":{"start":{"line":58,"column":15},"end":{"line":58,"column":54}},"50":{"start":{"line":59,"column":19},"end":{"line":59,"column":30}},"51":{"start":{"line":60,"column":2},"end":{"line":82,"column":null}},"52":{"start":{"line":60,"column":15},"end":{"line":60,"column":16}},"53":{"start":{"line":61,"column":16},"end":{"line":61,"column":45}},"54":{"start":{"line":62,"column":18},"end":{"line":62,"column":30}},"55":{"start":{"line":63,"column":18},"end":{"line":63,"column":30}},"56":{"start":{"line":64,"column":28},"end":{"line":64,"column":51}},"57":{"start":{"line":65,"column":28},"end":{"line":65,"column":51}},"58":{"start":{"line":66,"column":4},"end":{"line":69,"column":null}},"59":{"start":{"line":67,"column":6},"end":{"line":67,"column":null}},"60":{"start":{"line":68,"column":6},"end":{"line":68,"column":null}},"61":{"start":{"line":70,"column":4},"end":{"line":76,"column":null}},"62":{"start":{"line":71,"column":6},"end":{"line":74,"column":null}},"63":{"start":{"line":72,"column":8},"end":{"line":72,"column":null}},"64":{"start":{"line":73,"column":8},"end":{"line":73,"column":null}},"65":{"start":{"line":75,"column":6},"end":{"line":75,"column":14}},"66":{"start":{"line":77,"column":4},"end":{"line":77,"column":null}},"67":{"start":{"line":78,"column":4},"end":{"line":81,"column":null}},"68":{"start":{"line":79,"column":6},"end":{"line":79,"column":null}},"69":{"start":{"line":80,"column":6},"end":{"line":80,"column":null}},"70":{"start":{"line":83,"column":2},"end":{"line":83,"column":null}},"71":{"start":{"line":84,"column":2},"end":{"line":84,"column":null}},"72":{"start":{"line":92,"column":27},"end":{"line":96,"column":1}},"73":{"start":{"line":93,"column":18},"end":{"line":93,"column":74}},"74":{"start":{"line":94,"column":2},"end":{"line":94,"column":null}},"75":{"start":{"line":94,"column":44},"end":{"line":94,"column":null}},"76":{"start":{"line":95,"column":2},"end":{"line":95,"column":null}},"77":{"start":{"line":92,"column":13},"end":{"line":92,"column":27}}},"fnMap":{"0":{"name":"(anonymous_0)","decl":{"start":{"line":13,"column":18},"end":{"line":13,"column":19}},"loc":{"start":{"line":13,"column":82},"end":{"line":26,"column":1}}},"1":{"name":"(anonymous_1)","decl":{"start":{"line":28,"column":22},"end":{"line":28,"column":23}},"loc":{"start":{"line":28,"column":52},"end":{"line":28,"column":78}}},"2":{"name":"(anonymous_2)","decl":{"start":{"line":28,"column":65},"end":{"line":28,"column":66}},"loc":{"start":{"line":28,"column":70},"end":{"line":28,"column":77}}},"3":{"name":"(anonymous_3)","decl":{"start":{"line":30,"column":20},"end":{"line":30,"column":21}},"loc":{"start":{"line":30,"column":50},"end":{"line":30,"column":80}}},"4":{"name":"(anonymous_4)","decl":{"start":{"line":30,"column":65},"end":{"line":30,"column":66}},"loc":{"start":{"line":30,"column":70},"end":{"line":30,"column":79}}},"5":{"name":"(anonymous_5)","decl":{"start":{"line":32,"column":13},"end":{"line":32,"column":16}},"loc":{"start":{"line":32,"column":19},"end":{"line":32,"column":25}}},"6":{"name":"(anonymous_6)","decl":{"start":{"line":38,"column":19},"end":{"line":38,"column":20}},"loc":{"start":{"line":38,"column":112},"end":{"line":85,"column":1}}},"7":{"name":"(anonymous_7)","decl":{"start":{"line":39,"column":23},"end":{"line":39,"column":26}},"loc":{"start":{"line":39,"column":30},"end":{"line":39,"column":76}}},"8":{"name":"(anonymous_8)","decl":{"start":{"line":40,"column":57},"end":{"line":40,"column":60}},"loc":{"start":{"line":40,"column":63},"end":{"line":40,"column":82}}},"9":{"name":"(anonymous_9)","decl":{"start":{"line":92,"column":27},"end":{"line":92,"column":28}},"loc":{"start":{"line":92,"column":75},"end":{"line":96,"column":1}}}},"branchMap":{"0":{"loc":{"start":{"line":14,"column":2},"end":{"line":14,"column":null}},"type":"if","locations":[{"start":{"line":14,"column":2},"end":{"line":14,"column":null}}]},"1":{"loc":{"start":{"line":16,"column":2},"end":{"line":16,"column":null}},"type":"if","locations":[{"start":{"line":16,"column":2},"end":{"line":16,"column":null}}]},"2":{"loc":{"start":{"line":17,"column":2},"end":{"line":17,"column":null}},"type":"if","locations":[{"start":{"line":17,"column":2},"end":{"line":17,"column":null}}]},"3":{"loc":{"start":{"line":18,"column":2},"end":{"line":18,"column":null}},"type":"if","locations":[{"start":{"line":18,"column":2},"end":{"line":18,"column":null}}]},"4":{"loc":{"start":{"line":23,"column":4},"end":{"line":23,"column":null}},"type":"if","locations":[{"start":{"line":23,"column":4},"end":{"line":23,"column":null}}]},"5":{"loc":{"start":{"line":40,"column":16},"end":{"line":40,"column":90}},"type":"cond-expr","locations":[{"start":{"line":40,"column":41},"end":{"line":40,"column":82}},{"start":{"line":40,"column":86},"end":{"line":40,"column":90}}]},"6":{"loc":{"start":{"line":41,"column":2},"end":{"line":44,"column":null}},"type":"if","locations":[{"start":{"line":41,"column":2},"end":{"line":44,"column":null}}]},"7":{"loc":{"start":{"line":46,"column":2},"end":{"line":49,"column":null}},"type":"if","locations":[{"start":{"line":46,"column":2},"end":{"line":49,"column":null}}]},"8":{"loc":{"start":{"line":50,"column":2},"end":{"line":53,"column":null}},"type":"if","locations":[{"start":{"line":50,"column":2},"end":{"line":53,"column":null}}]},"9":{"loc":{"start":{"line":54,"column":2},"end":{"line":57,"column":null}},"type":"if","locations":[{"start":{"line":54,"column":2},"end":{"line":57,"column":null}}]},"10":{"loc":{"start":{"line":66,"column":4},"end":{"line":69,"column":null}},"type":"if","locations":[{"start":{"line":66,"column":4},"end":{"line":69,"column":null}}]},"11":{"loc":{"start":{"line":70,"column":4},"end":{"line":76,"column":null}},"type":"if","locations":[{"start":{"line":70,"column":4},"end":{"line":76,"column":null}}]},"12":{"loc":{"start":{"line":71,"column":6},"end":{"line":74,"column":null}},"type":"if","locations":[{"start":{"line":71,"column":6},"end":{"line":74,"column":null}}]},"13":{"loc":{"start":{"line":78,"column":4},"end":{"line":81,"column":null}},"type":"if","locations":[{"start":{"line":78,"column":4},"end":{"line":81,"column":null}}]},"14":{"loc":{"start":{"line":94,"column":2},"end":{"line":94,"column":null}},"type":"if","locations":[{"start":{"line":94,"column":2},"end":{"line":94,"column":null}}]}},"s":{"0":2,"1":2,"2":2,"3":2,"4":2,"5":2,"6":6979,"7":11,"8":6968,"9":6967,"10":4,"11":6963,"12":7,"13":6956,"14":4,"15":6952,"16":6952,"17":6952,"18":6952,"19":6951,"20":6951,"21":2,"22":5,"23":2,"24":53,"25":86,"26":2,"27":33,"28":66,"29":2,"30":20,"31":2,"32":53,"33":53,"34":53,"35":33,"36":53,"37":10,"38":10,"39":43,"40":43,"41":5,"42":5,"43":38,"44":7,"45":7,"46":31,"47":4,"48":4,"49":27,"50":27,"51":27,"52":27,"53":26,"54":26,"55":26,"56":26,"57":26,"58":26,"59":2,"60":2,"61":24,"62":4,"63":1,"64":1,"65":3,"66":20,"67":20,"68":10,"69":10,"70":14,"71":14,"72":2,"73":61,"74":61,"75":33,"76":28,"77":2},"f":{"0":6979,"1":53,"2":86,"3":33,"4":66,"5":20,"6":53,"7":53,"8":33,"9":61},"b":{"0":[11],"1":[4],"2":[7],"3":[4],"4":[2],"5":[33,20],"6":[10],"7":[5],"8":[7],"9":[4],"10":[2],"11":[4],"12":[1],"13":[10],"14":[33]}}
,"C:\\Users\\sean_\\OneDrive\\Desktop\\Code\\enio\\packages\\data-ferret\\src\\lib\\isIterable\\isIterable.ts": {"path":"C:\\Users\\sean_\\OneDrive\\Desktop\\Code\\enio\\packages\\data-ferret\\src\\lib\\isIterable\\isIterable.ts","statementMap":{"0":{"start":{"line":1,"column":0},"end":{"line":1,"column":44}},"1":{"start":{"line":2,"column":0},"end":{"line":2,"column":65}},"2":{"start":{"line":9,"column":26},"end":{"line":9,"column":87}},"3":{"start":{"line":9,"column":56},"end":{"line":9,"column":87}},"4":{"start":{"line":9,"column":13},"end":{"line":9,"column":26}}},"fnMap":{"0":{"name":"(anonymous_0)","decl":{"start":{"line":9,"column":26},"end":{"line":9,"column":27}},"loc":{"start":{"line":9,"column":56},"end":{"line":9,"column":87}}}},"branchMap":{},"s":{"0":5,"1":5,"2":5,"3":407,"4":5},"f":{"0":407},"b":{}}
,"C:\\Users\\sean_\\OneDrive\\Desktop\\Code\\enio\\packages\\data-ferret\\src\\lib\\isIterableType\\isIterableType.ts": {"path":"C:\\Users\\sean_\\OneDrive\\Desktop\\Code\\enio\\packages\\data-ferret\\src\\lib\\isIterableType\\isIterableType.ts","statementMap":{"0":{"start":{"line":2,"column":0},"end":{"line":2,"column":71}},"1":{"start":{"line":8,"column":30},"end":{"line":8,"column":125}},"2":{"start":{"line":8,"column":85},"end":{"line":8,"column":125}},"3":{"start":{"line":8,"column":13},"end":{"line":8,"column":30}}},"fnMap":{"0":{"name":"(anonymous_0)","decl":{"start":{"line":8,"column":30},"end":{"line":8,"column":60}},"loc":{"start":{"line":8,"column":85},"end":{"line":8,"column":125}}}},"branchMap":{},"s":{"0":8,"1":8,"2":14511,"3":8},"f":{"0":14511},"b":{}}
,"C:\\Users\\sean_\\OneDrive\\Desktop\\Code\\enio\\packages\\data-ferret\\src\\lib\\isMarker\\isMarker.ts": {"path":"C:\\Users\\sean_\\OneDrive\\Desktop\\Code\\enio\\packages\\data-ferret\\src\\lib\\isMarker\\isMarker.ts","statementMap":{"0":{"start":{"line":1,"column":24},"end":{"line":4,"column":1}},"1":{"start":{"line":2,"column":2},"end":{"line":2,"column":null}},"2":{"start":{"line":2,"column":66},"end":{"line":2,"column":null}},"3":{"start":{"line":3,"column":2},"end":{"line":3,"column":null}},"4":{"start":{"line":1,"column":13},"end":{"line":1,"column":24}}},"fnMap":{"0":{"name":"(anonymous_0)","decl":{"start":{"line":1,"column":24},"end":{"line":1,"column":25}},"loc":{"start":{"line":1,"column":50},"end":{"line":4,"column":1}}}},"branchMap":{"0":{"loc":{"start":{"line":2,"column":2},"end":{"line":2,"column":null}},"type":"if","locations":[{"start":{"line":2,"column":2},"end":{"line":2,"column":null}}]},"1":{"loc":{"start":{"line":2,"column":6},"end":{"line":2,"column":64}},"type":"binary-expr","locations":[{"start":{"line":2,"column":6},"end":{"line":2,"column":11}},{"start":{"line":2,"column":15},"end":{"line":2,"column":39}},{"start":{"line":2,"column":43},"end":{"line":2,"column":64}}]}},"s":{"0":9,"1":205,"2":130,"3":75,"4":9},"f":{"0":205},"b":{"0":[130],"1":[205,203,203]}}
,"C:\\Users\\sean_\\OneDrive\\Desktop\\Code\\enio\\packages\\data-ferret\\src\\lib\\marker\\marker.ts": {"path":"C:\\Users\\sean_\\OneDrive\\Desktop\\Code\\enio\\packages\\data-ferret\\src\\lib\\marker\\marker.ts","statementMap":{"0":{"start":{"line":1,"column":22},"end":{"line":7,"column":1}},"1":{"start":{"line":2,"column":17},"end":{"line":2,"column":59}},"2":{"start":{"line":3,"column":21},"end":{"line":3,"column":41}},"3":{"start":{"line":4,"column":17},"end":{"line":4,"column":41}},"4":{"start":{"line":5,"column":17},"end":{"line":5,"column":22}},"5":{"start":{"line":6,"column":2},"end":{"line":6,"column":null}},"6":{"start":{"line":1,"column":13},"end":{"line":1,"column":22}}},"fnMap":{"0":{"name":"(anonymous_0)","decl":{"start":{"line":1,"column":22},"end":{"line":1,"column":33}},"loc":{"start":{"line":1,"column":35},"end":{"line":7,"column":1}}}},"branchMap":{},"s":{"0":5,"1":128,"2":128,"3":128,"4":128,"5":128,"6":5},"f":{"0":128},"b":{}}
,"C:\\Users\\sean_\\OneDrive\\Desktop\\Code\\enio\\packages\\data-ferret\\src\\lib\\referenceStack\\referenceStack.ts": {"path":"C:\\Users\\sean_\\OneDrive\\Desktop\\Code\\enio\\packages\\data-ferret\\src\\lib\\referenceStack\\referenceStack.ts","statementMap":{"0":{"start":{"line":3,"column":0},"end":{"line":3,"column":41}},"1":{"start":{"line":4,"column":0},"end":{"line":4,"column":53}},"2":{"start":{"line":6,"column":30},"end":{"line":35,"column":1}},"3":{"start":{"line":7,"column":18},"end":{"line":7,"column":82}},"4":{"start":{"line":8,"column":15},"end":{"line":8,"column":45}},"5":{"start":{"line":10,"column":14},"end":{"line":14,"column":3}},"6":{"start":{"line":11,"column":4},"end":{"line":11,"column":null}},"7":{"start":{"line":11,"column":41},"end":{"line":11,"column":null}},"8":{"start":{"line":12,"column":6},"end":{"line":12,"column":null}},"9":{"start":{"line":13,"column":4},"end":{"line":13,"column":null}},"10":{"start":{"line":16,"column":17},"end":{"line":16,"column":108}},"11":{"start":{"line":16,"column":44},"end":{"line":16,"column":107}},"12":{"start":{"line":18,"column":19},"end":{"line":22,"column":3}},"13":{"start":{"line":19,"column":4},"end":{"line":19,"column":null}},"14":{"start":{"line":19,"column":26},"end":{"line":19,"column":null}},"15":{"start":{"line":20,"column":19},"end":{"line":20,"column":41}},"16":{"start":{"line":21,"column":4},"end":{"line":21,"column":null}},"17":{"start":{"line":24,"column":16},"end":{"line":24,"column":101}},"18":{"start":{"line":24,"column":23},"end":{"line":24,"column":100}},"19":{"start":{"line":24,"column":61},"end":{"line":24,"column":82}},"20":{"start":{"line":26,"column":2},"end":{"line":34,"column":null}},"21":{"start":{"line":27,"column":22},"end":{"line":27,"column":55}},"22":{"start":{"line":28,"column":25},"end":{"line":28,"column":61}},"23":{"start":{"line":29,"column":27},"end":{"line":29,"column":65}},"24":{"start":{"line":30,"column":17},"end":{"line":30,"column":24}},"25":{"start":{"line":32,"column":6},"end":{"line":32,"column":null}},"26":{"start":{"line":6,"column":13},"end":{"line":6,"column":30}}},"fnMap":{"0":{"name":"(anonymous_0)","decl":{"start":{"line":6,"column":30},"end":{"line":6,"column":49}},"loc":{"start":{"line":6,"column":51},"end":{"line":35,"column":1}}},"1":{"name":"(anonymous_1)","decl":{"start":{"line":10,"column":14},"end":{"line":10,"column":15}},"loc":{"start":{"line":10,"column":45},"end":{"line":14,"column":3}}},"2":{"name":"(anonymous_2)","decl":{"start":{"line":16,"column":17},"end":{"line":16,"column":18}},"loc":{"start":{"line":16,"column":44},"end":{"line":16,"column":107}}},"3":{"name":"(anonymous_3)","decl":{"start":{"line":18,"column":19},"end":{"line":18,"column":20}},"loc":{"start":{"line":18,"column":59},"end":{"line":22,"column":3}}},"4":{"name":"(anonymous_4)","decl":{"start":{"line":24,"column":16},"end":{"line":24,"column":19}},"loc":{"start":{"line":24,"column":23},"end":{"line":24,"column":100}}},"5":{"name":"(anonymous_5)","decl":{"start":{"line":24,"column":39},"end":{"line":24,"column":40}},"loc":{"start":{"line":24,"column":61},"end":{"line":24,"column":82}}},"6":{"name":"(anonymous_6)","decl":{"start":{"line":27,"column":9},"end":{"line":27,"column":18}},"loc":{"start":{"line":27,"column":22},"end":{"line":27,"column":55}}},"7":{"name":"(anonymous_7)","decl":{"start":{"line":28,"column":12},"end":{"line":28,"column":21}},"loc":{"start":{"line":28,"column":25},"end":{"line":28,"column":61}}},"8":{"name":"(anonymous_8)","decl":{"start":{"line":29,"column":14},"end":{"line":29,"column":23}},"loc":{"start":{"line":29,"column":27},"end":{"line":29,"column":65}}},"9":{"name":"(anonymous_9)","decl":{"start":{"line":30,"column":11},"end":{"line":30,"column":14}},"loc":{"start":{"line":30,"column":17},"end":{"line":30,"column":24}}},"10":{"name":"(anonymous_10)","decl":{"start":{"line":31,"column":4},"end":{"line":31,"column":8}},"loc":{"start":{"line":31,"column":12},"end":{"line":33,"column":5}}}},"branchMap":{"0":{"loc":{"start":{"line":11,"column":4},"end":{"line":11,"column":null}},"type":"if","locations":[{"start":{"line":11,"column":4},"end":{"line":11,"column":null}}]},"1":{"loc":{"start":{"line":11,"column":8},"end":{"line":11,"column":39}},"type":"binary-expr","locations":[{"start":{"line":11,"column":8},"end":{"line":11,"column":24}},{"start":{"line":11,"column":28},"end":{"line":11,"column":39}}]},"2":{"loc":{"start":{"line":16,"column":44},"end":{"line":16,"column":107}},"type":"cond-expr","locations":[{"start":{"line":16,"column":62},"end":{"line":16,"column":99}},{"start":{"line":16,"column":102},"end":{"line":16,"column":107}}]},"3":{"loc":{"start":{"line":16,"column":62},"end":{"line":16,"column":99}},"type":"binary-expr","locations":[{"start":{"line":16,"column":62},"end":{"line":16,"column":73}},{"start":{"line":16,"column":77},"end":{"line":16,"column":99}}]},"4":{"loc":{"start":{"line":19,"column":4},"end":{"line":19,"column":null}},"type":"if","locations":[{"start":{"line":19,"column":4},"end":{"line":19,"column":null}}]},"5":{"loc":{"start":{"line":21,"column":11},"end":{"line":21,"column":51}},"type":"cond-expr","locations":[{"start":{"line":21,"column":20},"end":{"line":21,"column":44}},{"start":{"line":21,"column":47},"end":{"line":21,"column":51}}]}},"s":{"0":4,"1":4,"2":4,"3":117,"4":117,"5":117,"6":164,"7":75,"8":89,"9":89,"10":117,"11":212,"12":117,"13":20,"14":3,"15":17,"16":17,"17":117,"18":77,"19":74,"20":117,"21":164,"22":98,"23":20,"24":77,"25":154,"26":4},"f":{"0":117,"1":164,"2":212,"3":20,"4":77,"5":74,"6":164,"7":98,"8":20,"9":77,"10":154},"b":{"0":[75],"1":[164,114],"2":[175,37],"3":[175,39],"4":[3],"5":[15,2]}}
,"C:\\Users\\sean_\\OneDrive\\Desktop\\Code\\enio\\packages\\data-ferret\\src\\lib\\registerClassTypes\\registerClassTypes.ts": {"path":"C:\\Users\\sean_\\OneDrive\\Desktop\\Code\\enio\\packages\\data-ferret\\src\\lib\\registerClassTypes\\registerClassTypes.ts","statementMap":{"0":{"start":{"line":2,"column":0},"end":{"line":2,"column":52}},"1":{"start":{"line":8,"column":34},"end":{"line":10,"column":1}},"2":{"start":{"line":9,"column":2},"end":{"line":9,"column":null}},"3":{"start":{"line":9,"column":32},"end":{"line":9,"column":108}},"4":{"start":{"line":8,"column":13},"end":{"line":8,"column":34}}},"fnMap":{"0":{"name":"(anonymous_0)","decl":{"start":{"line":8,"column":34},"end":{"line":8,"column":35}},"loc":{"start":{"line":8,"column":73},"end":{"line":10,"column":1}}},"1":{"name":"(anonymous_1)","decl":{"start":{"line":9,"column":20},"end":{"line":9,"column":28}},"loc":{"start":{"line":9,"column":32},"end":{"line":9,"column":108}}}},"branchMap":{"0":{"loc":{"start":{"line":9,"column":32},"end":{"line":9,"column":108}},"type":"binary-expr","locations":[{"start":{"line":9,"column":32},"end":{"line":9,"column":69}},{"start":{"line":9,"column":73},"end":{"line":9,"column":108}}]}},"s":{"0":13,"1":13,"2":30,"3":40,"4":13},"f":{"0":30,"1":40},"b":{"0":[40,38]}}
,"C:\\Users\\sean_\\OneDrive\\Desktop\\Code\\enio\\packages\\data-ferret\\src\\lib\\registerIterableClass\\registerIterableClass.ts": {"path":"C:\\Users\\sean_\\OneDrive\\Desktop\\Code\\enio\\packages\\data-ferret\\src\\lib\\registerIterableClass\\registerIterableClass.ts","statementMap":{"0":{"start":{"line":2,"column":0},"end":{"line":2,"column":60}},"1":{"start":{"line":3,"column":0},"end":{"line":3,"column":77}},"2":{"start":{"line":14,"column":37},"end":{"line":29,"column":1}},"3":{"start":{"line":19,"column":22},"end":{"line":19,"column":36}},"4":{"start":{"line":21,"column":32},"end":{"line":21,"column":105}},"5":{"start":{"line":21,"column":77},"end":{"line":21,"column":104}},"6":{"start":{"line":22,"column":16},"end":{"line":22,"column":95}},"7":{"start":{"line":23,"column":2},"end":{"line":26,"column":null}},"8":{"start":{"line":24,"column":4},"end":{"line":24,"column":null}},"9":{"start":{"line":25,"column":4},"end":{"line":25,"column":10}},"10":{"start":{"line":27,"column":2},"end":{"line":27,"column":null}},"11":{"start":{"line":28,"column":2},"end":{"line":28,"column":null}},"12":{"start":{"line":14,"column":13},"end":{"line":14,"column":37}}},"fnMap":{"0":{"name":"(anonymous_0)","decl":{"start":{"line":14,"column":37},"end":{"line":14,"column":null}},"loc":{"start":{"line":20,"column":10},"end":{"line":29,"column":1}}},"1":{"name":"(anonymous_1)","decl":{"start":{"line":19,"column":16},"end":{"line":19,"column":19}},"loc":{"start":{"line":19,"column":22},"end":{"line":19,"column":36}}},"2":{"name":"(anonymous_2)","decl":{"start":{"line":21,"column":68},"end":{"line":21,"column":73}},"loc":{"start":{"line":21,"column":77},"end":{"line":21,"column":104}}}},"branchMap":{"0":{"loc":{"start":{"line":19,"column":2},"end":{"line":19,"column":36}},"type":"default-arg","locations":[{"start":{"line":19,"column":16},"end":{"line":19,"column":36}}]},"1":{"loc":{"start":{"line":23,"column":2},"end":{"line":26,"column":null}},"type":"if","locations":[{"start":{"line":23,"column":2},"end":{"line":26,"column":null}}]}},"s":{"0":9,"1":9,"2":9,"3":2,"4":23,"5":53,"6":23,"7":23,"8":2,"9":2,"10":21,"11":21,"12":9},"f":{"0":23,"1":2,"2":53},"b":{"0":[21],"1":[2]}}
,"C:\\Users\\sean_\\OneDrive\\Desktop\\Code\\enio\\packages\\data-ferret\\src\\lib\\sameStructure\\sameStructure.ts": {"path":"C:\\Users\\sean_\\OneDrive\\Desktop\\Code\\enio\\packages\\data-ferret\\src\\lib\\sameStructure\\sameStructure.ts","statementMap":{"0":{"start":{"line":2,"column":0},"end":{"line":2,"column":47}},"1":{"start":{"line":3,"column":0},"end":{"line":3,"column":65}},"2":{"start":{"line":4,"column":0},"end":{"line":4,"column":80}},"3":{"start":{"line":5,"column":0},"end":{"line":5,"column":44}},"4":{"start":{"line":12,"column":29},"end":{"line":33,"column":1}},"5":{"start":{"line":13,"column":20},"end":{"line":13,"column":46}},"6":{"start":{"line":14,"column":2},"end":{"line":14,"column":null}},"7":{"start":{"line":14,"column":27},"end":{"line":14,"column":null}},"8":{"start":{"line":15,"column":2},"end":{"line":31,"column":null}},"9":{"start":{"line":16,"column":18},"end":{"line":16,"column":57}},"10":{"start":{"line":17,"column":18},"end":{"line":17,"column":57}},"11":{"start":{"line":18,"column":22},"end":{"line":18,"column":34}},"12":{"start":{"line":19,"column":22},"end":{"line":19,"column":34}},"13":{"start":{"line":20,"column":4},"end":{"line":20,"column":null}},"14":{"start":{"line":20,"column":33},"end":{"line":20,"column":null}},"15":{"start":{"line":21,"column":4},"end":{"line":21,"column":null}},"16":{"start":{"line":21,"column":25},"end":{"line":21,"column":null}},"17":{"start":{"line":22,"column":4},"end":{"line":30,"column":null}},"18":{"start":{"line":23,"column":6},"end":{"line":25,"column":null}},"19":{"start":{"line":23,"column":19},"end":{"line":23,"column":20}},"20":{"start":{"line":24,"column":8},"end":{"line":24,"column":null}},"21":{"start":{"line":24,"column":35},"end":{"line":24,"column":null}},"22":{"start":{"line":27,"column":6},"end":{"line":29,"column":null}},"23":{"start":{"line":27,"column":19},"end":{"line":27,"column":20}},"24":{"start":{"line":28,"column":8},"end":{"line":28,"column":null}},"25":{"start":{"line":28,"column":59},"end":{"line":28,"column":null}},"26":{"start":{"line":32,"column":2},"end":{"line":32,"column":null}},"27":{"start":{"line":12,"column":13},"end":{"line":12,"column":29}}},"fnMap":{"0":{"name":"(anonymous_0)","decl":{"start":{"line":12,"column":29},"end":{"line":12,"column":30}},"loc":{"start":{"line":12,"column":86},"end":{"line":33,"column":1}}}},"branchMap":{"0":{"loc":{"start":{"line":14,"column":2},"end":{"line":14,"column":null}},"type":"if","locations":[{"start":{"line":14,"column":2},"end":{"line":14,"column":null}}]},"1":{"loc":{"start":{"line":15,"column":2},"end":{"line":31,"column":null}},"type":"if","locations":[{"start":{"line":15,"column":2},"end":{"line":31,"column":null}}]},"2":{"loc":{"start":{"line":20,"column":4},"end":{"line":20,"column":null}},"type":"if","locations":[{"start":{"line":20,"column":4},"end":{"line":20,"column":null}}]},"3":{"loc":{"start":{"line":21,"column":4},"end":{"line":21,"column":null}},"type":"if","locations":[{"start":{"line":21,"column":4},"end":{"line":21,"column":null}}]},"4":{"loc":{"start":{"line":22,"column":4},"end":{"line":30,"column":null}},"type":"if","locations":[{"start":{"line":22,"column":4},"end":{"line":30,"column":null}},{"start":{"line":26,"column":11},"end":{"line":30,"column":null}}]},"5":{"loc":{"start":{"line":24,"column":8},"end":{"line":24,"column":null}},"type":"if","locations":[{"start":{"line":24,"column":8},"end":{"line":24,"column":null}}]},"6":{"loc":{"start":{"line":28,"column":8},"end":{"line":28,"column":null}},"type":"if","locations":[{"start":{"line":28,"column":8},"end":{"line":28,"column":null}}]}},"s":{"0":3,"1":3,"2":3,"3":3,"4":3,"5":7028,"6":7028,"7":8,"8":7020,"9":6995,"10":6994,"11":6994,"12":6994,"13":6994,"14":3,"15":6991,"16":7,"17":6984,"18":3,"19":3,"20":3,"21":3,"22":6981,"23":6981,"24":6994,"25":2,"26":7004,"27":3},"f":{"0":7028},"b":{"0":[8],"1":[6995],"2":[3],"3":[7],"4":[3,6981],"5":[3],"6":[2]}}
,"C:\\Users\\sean_\\OneDrive\\Desktop\\Code\\enio\\packages\\data-ferret\\src\\lib\\sameType\\sameType.ts": {"path":"C:\\Users\\sean_\\OneDrive\\Desktop\\Code\\enio\\packages\\data-ferret\\src\\lib\\sameType\\sameType.ts","statementMap":{"0":{"start":{"line":2,"column":0},"end":{"line":2,"column":44}},"1":{"start":{"line":7,"column":24},"end":{"line":11,"column":1}},"2":{"start":{"line":8,"column":20},"end":{"line":8,"column":39}},"3":{"start":{"line":9,"column":21},"end":{"line":9,"column":40}},"4":{"start":{"line":10,"column":2},"end":{"line":10,"column":null}},"5":{"start":{"line":7,"column":13},"end":{"line":7,"column":24}}},"fnMap":{"0":{"name":"(anonymous_0)","decl":{"start":{"line":7,"column":24},"end":{"line":7,"column":54}},"loc":{"start":{"line":7,"column":103},"end":{"line":11,"column":1}}}},"branchMap":{"0":{"loc":{"start":{"line":10,"column":9},"end":{"line":10,"column":53}},"type":"cond-expr","locations":[{"start":{"line":10,"column":36},"end":{"line":10,"column":45}},{"start":{"line":10,"column":48},"end":{"line":10,"column":53}}]}},"s":{"0":4,"1":4,"2":7039,"3":7039,"4":7039,"5":4},"f":{"0":7039},"b":{"0":[7026,13]}}
,"C:\\Users\\sean_\\OneDrive\\Desktop\\Code\\enio\\packages\\data-ferret\\src\\lib\\selectiveCopy\\selectiveCopy.ts": {"path":"C:\\Users\\sean_\\OneDrive\\Desktop\\Code\\enio\\packages\\data-ferret\\src\\lib\\selectiveCopy\\selectiveCopy.ts","statementMap":{"0":{"start":{"line":2,"column":0},"end":{"line":2,"column":83}},"1":{"start":{"line":3,"column":0},"end":{"line":3,"column":44}},"2":{"start":{"line":4,"column":0},"end":{"line":4,"column":65}},"3":{"start":{"line":7,"column":0},"end":{"line":7,"column":65}},"4":{"start":{"line":8,"column":0},"end":{"line":8,"column":44}},"5":{"start":{"line":9,"column":0},"end":{"line":9,"column":47}},"6":{"start":{"line":11,"column":30},"end":{"line":35,"column":1}},"7":{"start":{"line":18,"column":15},"end":{"line":18,"column":30}},"8":{"start":{"line":19,"column":2},"end":{"line":19,"column":null}},"9":{"start":{"line":19,"column":29},"end":{"line":19,"column":null}},"10":{"start":{"line":20,"column":48},"end":{"line":20,"column":74}},"11":{"start":{"line":21,"column":27},"end":{"line":21,"column":40}},"12":{"start":{"line":22,"column":15},"end":{"line":22,"column":30}},"13":{"start":{"line":23,"column":2},"end":{"line":33,"column":null}},"14":{"start":{"line":23,"column":15},"end":{"line":23,"column":16}},"15":{"start":{"line":24,"column":20},"end":{"line":24,"column":27}},"16":{"start":{"line":25,"column":23},"end":{"line":25,"column":44}},"17":{"start":{"line":26,"column":21},"end":{"line":26,"column":41}},"18":{"start":{"line":27,"column":21},"end":{"line":27,"column":40}},"19":{"start":{"line":28,"column":4},"end":{"line":31,"column":null}},"20":{"start":{"line":29,"column":6},"end":{"line":29,"column":null}},"21":{"start":{"line":30,"column":6},"end":{"line":30,"column":14}},"22":{"start":{"line":32,"column":4},"end":{"line":32,"column":null}},"23":{"start":{"line":34,"column":2},"end":{"line":34,"column":null}},"24":{"start":{"line":11,"column":13},"end":{"line":11,"column":30}},"25":{"start":{"line":41,"column":31},"end":{"line":101,"column":1}},"26":{"start":{"line":50,"column":18},"end":{"line":50,"column":34}},"27":{"start":{"line":51,"column":2},"end":{"line":51,"column":null}},"28":{"start":{"line":52,"column":15},"end":{"line":52,"column":30}},"29":{"start":{"line":53,"column":2},"end":{"line":53,"column":null}},"30":{"start":{"line":53,"column":29},"end":{"line":53,"column":null}},"31":{"start":{"line":54,"column":48},"end":{"line":54,"column":74}},"32":{"start":{"line":55,"column":27},"end":{"line":55,"column":40}},"33":{"start":{"line":56,"column":15},"end":{"line":56,"column":30}},"34":{"start":{"line":57,"column":2},"end":{"line":78,"column":null}},"35":{"start":{"line":57,"column":15},"end":{"line":57,"column":16}},"36":{"start":{"line":58,"column":20},"end":{"line":58,"column":27}},"37":{"start":{"line":59,"column":4},"end":{"line":59,"column":35}},"38":{"start":{"line":59,"column":27},"end":{"line":59,"column":35}},"39":{"start":{"line":60,"column":23},"end":{"line":60,"column":44}},"40":{"start":{"line":61,"column":21},"end":{"line":61,"column":41}},"41":{"start":{"line":62,"column":21},"end":{"line":62,"column":40}},"42":{"start":{"line":63,"column":4},"end":{"line":66,"column":null}},"43":{"start":{"line":64,"column":6},"end":{"line":64,"column":null}},"44":{"start":{"line":65,"column":6},"end":{"line":65,"column":14}},"45":{"start":{"line":67,"column":27},"end":{"line":67,"column":51}},"46":{"start":{"line":68,"column":4},"end":{"line":71,"column":null}},"47":{"start":{"line":69,"column":6},"end":{"line":69,"column":null}},"48":{"start":{"line":70,"column":6},"end":{"line":70,"column":14}},"49":{"start":{"line":72,"column":4},"end":{"line":72,"column":null}},"50":{"start":{"line":73,"column":4},"end":{"line":77,"column":null}},"51":{"start":{"line":79,"column":2},"end":{"line":99,"column":null}},"52":{"start":{"line":80,"column":4},"end":{"line":97,"column":null}},"53":{"start":{"line":81,"column":33},"end":{"line":81,"column":123}},"54":{"start":{"line":82,"column":6},"end":{"line":96,"column":null}},"55":{"start":{"line":82,"column":19},"end":{"line":82,"column":20}},"56":{"start":{"line":83,"column":8},"end":{"line":95,"column":null}},"57":{"start":{"line":84,"column":10},"end":{"line":91,"column":null}},"58":{"start":{"line":84,"column":23},"end":{"line":84,"column":24}},"59":{"start":{"line":85,"column":12},"end":{"line":90,"column":null}},"60":{"start":{"line":86,"column":14},"end":{"line":86,"column":null}},"61":{"start":{"line":87,"column":14},"end":{"line":87,"column":19}},"62":{"start":{"line":89,"column":14},"end":{"line":89,"column":null}},"63":{"start":{"line":92,"column":10},"end":{"line":92,"column":15}},"64":{"start":{"line":94,"column":10},"end":{"line":94,"column":null}},"65":{"start":{"line":98,"column":4},"end":{"line":98,"column":null}},"66":{"start":{"line":100,"column":2},"end":{"line":100,"column":null}},"67":{"start":{"line":41,"column":13},"end":{"line":41,"column":31}},"68":{"start":{"line":109,"column":29},"end":{"line":145,"column":1}},"69":{"start":{"line":110,"column":2},"end":{"line":110,"column":null}},"70":{"start":{"line":110,"column":59},"end":{"line":110,"column":null}},"71":{"start":{"line":111,"column":2},"end":{"line":111,"column":null}},"72":{"start":{"line":111,"column":16},"end":{"line":111,"column":null}},"73":{"start":{"line":112,"column":2},"end":{"line":112,"column":null}},"74":{"start":{"line":112,"column":30},"end":{"line":112,"column":null}},"75":{"start":{"line":113,"column":15},"end":{"line":113,"column":67}},"76":{"start":{"line":114,"column":14},"end":{"line":114,"column":16}},"77":{"start":{"line":115,"column":2},"end":{"line":119,"column":null}},"78":{"start":{"line":115,"column":15},"end":{"line":115,"column":16}},"79":{"start":{"line":116,"column":21},"end":{"line":116,"column":39}},"80":{"start":{"line":117,"column":4},"end":{"line":117,"column":null}},"81":{"start":{"line":117,"column":27},"end":{"line":117,"column":null}},"82":{"start":{"line":118,"column":4},"end":{"line":118,"column":null}},"83":{"start":{"line":118,"column":18},"end":{"line":118,"column":null}},"84":{"start":{"line":120,"column":72},"end":{"line":120,"column":100}},"85":{"start":{"line":121,"column":30},"end":{"line":121,"column":67}},"86":{"start":{"line":121,"column":63},"end":{"line":121,"column":67}},"87":{"start":{"line":122,"column":2},"end":{"line":135,"column":null}},"88":{"start":{"line":124,"column":6},"end":{"line":124,"column":null}},"89":{"start":{"line":124,"column":53},"end":{"line":124,"column":115}},"90":{"start":{"line":125,"column":6},"end":{"line":125,"column":11}},"91":{"start":{"line":127,"column":6},"end":{"line":127,"column":null}},"92":{"start":{"line":127,"column":53},"end":{"line":127,"column":116}},"93":{"start":{"line":128,"column":6},"end":{"line":128,"column":11}},"94":{"start":{"line":130,"column":6},"end":{"line":130,"column":null}},"95":{"start":{"line":131,"column":6},"end":{"line":131,"column":11}},"96":{"start":{"line":133,"column":6},"end":{"line":133,"column":null}},"97":{"start":{"line":133,"column":52},"end":{"line":133,"column":89}},"98":{"start":{"line":134,"column":6},"end":{"line":134,"column":11}},"99":{"start":{"line":136,"column":31},"end":{"line":136,"column":33}},"100":{"start":{"line":137,"column":41},"end":{"line":137,"column":119}},"101":{"start":{"line":137,"column":74},"end":{"line":137,"column":119}},"102":{"start":{"line":139,"column":2},"end":{"line":143,"column":null}},"103":{"start":{"line":140,"column":4},"end":{"line":140,"column":null}},"104":{"start":{"line":142,"column":4},"end":{"line":142,"column":null}},"105":{"start":{"line":144,"column":2},"end":{"line":144,"column":null}},"106":{"start":{"line":109,"column":13},"end":{"line":109,"column":29}}},"fnMap":{"0":{"name":"(anonymous_0)","decl":{"start":{"line":11,"column":30},"end":{"line":11,"column":null}},"loc":{"start":{"line":17,"column":16},"end":{"line":35,"column":1}}},"1":{"name":"(anonymous_1)","decl":{"start":{"line":41,"column":31},"end":{"line":41,"column":null}},"loc":{"start":{"line":49,"column":16},"end":{"line":101,"column":1}}},"2":{"name":"(anonymous_2)","decl":{"start":{"line":80,"column":25},"end":{"line":80,"column":26}},"loc":{"start":{"line":80,"column":60},"end":{"line":97,"column":5}}},"3":{"name":"(anonymous_3)","decl":{"start":{"line":109,"column":29},"end":{"line":109,"column":43}},"loc":{"start":{"line":109,"column":120},"end":{"line":145,"column":1}}},"4":{"name":"(anonymous_4)","decl":{"start":{"line":121,"column":30},"end":{"line":121,"column":31}},"loc":{"start":{"line":121,"column":63},"end":{"line":121,"column":67}}},"5":{"name":"(anonymous_5)","decl":{"start":{"line":124,"column":19},"end":{"line":124,"column":20}},"loc":{"start":{"line":124,"column":53},"end":{"line":124,"column":115}}},"6":{"name":"(anonymous_6)","decl":{"start":{"line":127,"column":19},"end":{"line":127,"column":20}},"loc":{"start":{"line":127,"column":53},"end":{"line":127,"column":116}}},"7":{"name":"(anonymous_7)","decl":{"start":{"line":133,"column":19},"end":{"line":133,"column":20}},"loc":{"start":{"line":133,"column":52},"end":{"line":133,"column":89}}},"8":{"name":"(anonymous_8)","decl":{"start":{"line":137,"column":41},"end":{"line":137,"column":42}},"loc":{"start":{"line":137,"column":74},"end":{"line":137,"column":119}}}},"branchMap":{"0":{"loc":{"start":{"line":19,"column":2},"end":{"line":19,"column":null}},"type":"if","locations":[{"start":{"line":19,"column":2},"end":{"line":19,"column":null}}]},"1":{"loc":{"start":{"line":28,"column":4},"end":{"line":31,"column":null}},"type":"if","locations":[{"start":{"line":28,"column":4},"end":{"line":31,"column":null}}]},"2":{"loc":{"start":{"line":28,"column":8},"end":{"line":28,"column":106}},"type":"binary-expr","locations":[{"start":{"line":28,"column":8},"end":{"line":28,"column":60}},{"start":{"line":28,"column":65},"end":{"line":28,"column":78}},{"start":{"line":28,"column":82},"end":{"line":28,"column":105}}]},"3":{"loc":{"start":{"line":51,"column":2},"end":{"line":51,"column":30}},"type":"binary-expr","locations":[{"start":{"line":51,"column":2},"end":{"line":51,"column":9}},{"start":{"line":51,"column":13},"end":{"line":51,"column":30}}]},"4":{"loc":{"start":{"line":53,"column":2},"end":{"line":53,"column":null}},"type":"if","locations":[{"start":{"line":53,"column":2},"end":{"line":53,"column":null}}]},"5":{"loc":{"start":{"line":59,"column":4},"end":{"line":59,"column":35}},"type":"if","locations":[{"start":{"line":59,"column":4},"end":{"line":59,"column":35}}]},"6":{"loc":{"start":{"line":63,"column":4},"end":{"line":66,"column":null}},"type":"if","locations":[{"start":{"line":63,"column":4},"end":{"line":66,"column":null}}]},"7":{"loc":{"start":{"line":63,"column":8},"end":{"line":63,"column":106}},"type":"binary-expr","locations":[{"start":{"line":63,"column":8},"end":{"line":63,"column":60}},{"start":{"line":63,"column":65},"end":{"line":63,"column":78}},{"start":{"line":63,"column":82},"end":{"line":63,"column":105}}]},"8":{"loc":{"start":{"line":68,"column":4},"end":{"line":71,"column":null}},"type":"if","locations":[{"start":{"line":68,"column":4},"end":{"line":71,"column":null}}]},"9":{"loc":{"start":{"line":79,"column":2},"end":{"line":99,"column":null}},"type":"if","locations":[{"start":{"line":79,"column":2},"end":{"line":99,"column":null}}]},"10":{"loc":{"start":{"line":83,"column":8},"end":{"line":95,"column":null}},"type":"if","locations":[{"start":{"line":83,"column":8},"end":{"line":95,"column":null}},{"start":{"line":93,"column":15},"end":{"line":95,"column":null}}]},"11":{"loc":{"start":{"line":85,"column":12},"end":{"line":90,"column":null}},"type":"if","locations":[{"start":{"line":85,"column":12},"end":{"line":90,"column":null}},{"start":{"line":88,"column":19},"end":{"line":90,"column":null}}]},"12":{"loc":{"start":{"line":110,"column":2},"end":{"line":110,"column":null}},"type":"if","locations":[{"start":{"line":110,"column":2},"end":{"line":110,"column":null}}]},"13":{"loc":{"start":{"line":110,"column":6},"end":{"line":110,"column":57}},"type":"binary-expr","locations":[{"start":{"line":110,"column":6},"end":{"line":110,"column":24}},{"start":{"line":110,"column":28},"end":{"line":110,"column":57}}]},"14":{"loc":{"start":{"line":111,"column":2},"end":{"line":111,"column":null}},"type":"if","locations":[{"start":{"line":111,"column":2},"end":{"line":111,"column":null}}]},"15":{"loc":{"start":{"line":112,"column":2},"end":{"line":112,"column":null}},"type":"if","locations":[{"start":{"line":112,"column":2},"end":{"line":112,"column":null}}]},"16":{"loc":{"start":{"line":117,"column":4},"end":{"line":117,"column":null}},"type":"if","locations":[{"start":{"line":117,"column":4},"end":{"line":117,"column":null}}]},"17":{"loc":{"start":{"line":117,"column":8},"end":{"line":117,"column":25}},"type":"binary-expr","locations":[{"start":{"line":117,"column":8},"end":{"line":117,"column":13}},{"start":{"line":117,"column":17},"end":{"line":117,"column":25}}]},"18":{"loc":{"start":{"line":118,"column":4},"end":{"line":118,"column":null}},"type":"if","locations":[{"start":{"line":118,"column":4},"end":{"line":118,"column":null}}]},"19":{"loc":{"start":{"line":122,"column":2},"end":{"line":135,"column":null}},"type":"switch","locations":[{"start":{"line":123,"column":4},"end":{"line":125,"column":11}},{"start":{"line":126,"column":4},"end":{"line":128,"column":11}},{"start":{"line":129,"column":4},"end":{"line":131,"column":11}},{"start":{"line":132,"column":4},"end":{"line":134,"column":11}}]},"20":{"loc":{"start":{"line":124,"column":53},"end":{"line":124,"column":115}},"type":"cond-expr","locations":[{"start":{"line":124,"column":73},"end":{"line":124,"column":108}},{"start":{"line":124,"column":111},"end":{"line":124,"column":115}}]},"21":{"loc":{"start":{"line":127,"column":53},"end":{"line":127,"column":116}},"type":"cond-expr","locations":[{"start":{"line":127,"column":73},"end":{"line":127,"column":109}},{"start":{"line":127,"column":112},"end":{"line":127,"column":116}}]},"22":{"loc":{"start":{"line":139,"column":2},"end":{"line":143,"column":null}},"type":"if","locations":[{"start":{"line":139,"column":2},"end":{"line":143,"column":null}},{"start":{"line":141,"column":9},"end":{"line":143,"column":null}}]}},"s":{"0":1,"1":1,"2":1,"3":1,"4":1,"5":1,"6":1,"7":30,"8":30,"9":19,"10":11,"11":11,"12":11,"13":11,"14":11,"15":20,"16":20,"17":20,"18":20,"19":20,"20":6,"21":6,"22":14,"23":11,"24":1,"25":1,"26":33,"27":33,"28":33,"29":33,"30":19,"31":14,"32":14,"33":14,"34":14,"35":14,"36":36,"37":36,"38":13,"39":23,"40":23,"41":23,"42":23,"43":6,"44":6,"45":17,"46":17,"47":1,"48":1,"49":16,"50":16,"51":14,"52":8,"53":1,"54":1,"55":1,"56":3,"57":1,"58":1,"59":2,"60":1,"61":1,"62":1,"63":1,"64":2,"65":8,"66":14,"67":1,"68":1,"69":39,"70":4,"71":35,"72":23,"73":35,"74":33,"75":35,"76":35,"77":35,"78":35,"79":140,"80":140,"81":2,"82":138,"83":10,"84":33,"85":33,"86":11,"87":33,"88":2,"89":8,"90":2,"91":2,"92":8,"93":2,"94":2,"95":2,"96":2,"97":8,"98":2,"99":33,"100":33,"101":12,"102":33,"103":17,"104":16,"105":33,"106":1},"f":{"0":30,"1":33,"2":1,"3":39,"4":11,"5":8,"6":8,"7":8,"8":12},"b":{"0":[19],"1":[6],"2":[20,15,1],"3":[33,17],"4":[19],"5":[13],"6":[6],"7":[23,18,1],"8":[1],"9":[8],"10":[1,2],"11":[1,1],"12":[4],"13":[39,16],"14":[23],"15":[33],"16":[2],"17":[140,18],"18":[10],"19":[2,2,2,2],"20":[6,2],"21":[6,2],"22":[17,16]}}
,"C:\\Users\\sean_\\OneDrive\\Desktop\\Code\\enio\\packages\\data-ferret\\src\\lib\\shared\\consts.ts": {"path":"C:\\Users\\sean_\\OneDrive\\Desktop\\Code\\enio\\packages\\data-ferret\\src\\lib\\shared\\consts.ts","statementMap":{"0":{"start":{"line":3,"column":13},"end":{"line":3,"column":null}},"1":{"start":{"line":5,"column":13},"end":{"line":20,"column":null}},"2":{"start":{"line":8,"column":23},"end":{"line":8,"column":25}},"3":{"start":{"line":9,"column":34},"end":{"line":9,"column":73}},"4":{"start":{"line":10,"column":28},"end":{"line":10,"column":68}},"5":{"start":{"line":11,"column":37},"end":{"line":11,"column":85}},"6":{"start":{"line":15,"column":24},"end":{"line":15,"column":26}},"7":{"start":{"line":16,"column":34},"end":{"line":16,"column":73}},"8":{"start":{"line":17,"column":28},"end":{"line":17,"column":77}},"9":{"start":{"line":18,"column":37},"end":{"line":18,"column":94}},"10":{"start":{"line":22,"column":34},"end":{"line":22,"column":39}},"11":{"start":{"line":24,"column":31},"end":{"line":24,"column":36}},"12":{"start":{"line":29,"column":25},"end":{"line":34,"column":1}},"13":{"start":{"line":30,"column":2},"end":{"line":31,"column":null}},"14":{"start":{"line":32,"column":2},"end":{"line":33,"column":null}},"15":{"start":{"line":29,"column":13},"end":{"line":29,"column":25}},"16":{"start":{"line":39,"column":25},"end":{"line":39,"column":98}},"17":{"start":{"line":39,"column":40},"end":{"line":39,"column":97}},"18":{"start":{"line":39,"column":13},"end":{"line":39,"column":25}}},"fnMap":{"0":{"name":"(anonymous_0)","decl":{"start":{"line":8,"column":17},"end":{"line":8,"column":20}},"loc":{"start":{"line":8,"column":23},"end":{"line":8,"column":25}}},"1":{"name":"(anonymous_1)","decl":{"start":{"line":9,"column":13},"end":{"line":9,"column":14}},"loc":{"start":{"line":9,"column":34},"end":{"line":9,"column":73}}},"2":{"name":"(anonymous_2)","decl":{"start":{"line":10,"column":10},"end":{"line":10,"column":11}},"loc":{"start":{"line":10,"column":28},"end":{"line":10,"column":68}}},"3":{"name":"(anonymous_3)","decl":{"start":{"line":11,"column":11},"end":{"line":11,"column":12}},"loc":{"start":{"line":11,"column":37},"end":{"line":11,"column":85}}},"4":{"name":"(anonymous_4)","decl":{"start":{"line":15,"column":17},"end":{"line":15,"column":20}},"loc":{"start":{"line":15,"column":24},"end":{"line":15,"column":26}}},"5":{"name":"(anonymous_5)","decl":{"start":{"line":16,"column":13},"end":{"line":16,"column":14}},"loc":{"start":{"line":16,"column":34},"end":{"line":16,"column":73}}},"6":{"name":"(anonymous_6)","decl":{"start":{"line":17,"column":10},"end":{"line":17,"column":11}},"loc":{"start":{"line":17,"column":28},"end":{"line":17,"column":77}}},"7":{"name":"(anonymous_7)","decl":{"start":{"line":18,"column":11},"end":{"line":18,"column":12}},"loc":{"start":{"line":18,"column":37},"end":{"line":18,"column":94}}},"8":{"name":"(anonymous_8)","decl":{"start":{"line":29,"column":25},"end":{"line":29,"column":26}},"loc":{"start":{"line":29,"column":59},"end":{"line":34,"column":1}}},"9":{"name":"(anonymous_9)","decl":{"start":{"line":39,"column":25},"end":{"line":39,"column":36}},"loc":{"start":{"line":39,"column":40},"end":{"line":39,"column":97}}}},"branchMap":{"0":{"loc":{"start":{"line":31,"column":4},"end":{"line":31,"column":135}},"type":"cond-expr","locations":[{"start":{"line":31,"column":62},"end":{"line":31,"column":96}},{"start":{"line":31,"column":99},"end":{"line":31,"column":135}}]},"1":{"loc":{"start":{"line":31,"column":99},"end":{"line":31,"column":135}},"type":"binary-expr","locations":[{"start":{"line":31,"column":99},"end":{"line":31,"column":126}},{"start":{"line":31,"column":130},"end":{"line":31,"column":135}}]},"2":{"loc":{"start":{"line":33,"column":4},"end":{"line":33,"column":126}},"type":"cond-expr","locations":[{"start":{"line":33,"column":59},"end":{"line":33,"column":90}},{"start":{"line":33,"column":93},"end":{"line":33,"column":126}}]},"3":{"loc":{"start":{"line":33,"column":93},"end":{"line":33,"column":126}},"type":"binary-expr","locations":[{"start":{"line":33,"column":93},"end":{"line":33,"column":117}},{"start":{"line":33,"column":121},"end":{"line":33,"column":126}}]}},"s":{"0":18,"1":18,"2":4,"3":43,"4":10,"5":6,"6":19,"7":20963,"8":31,"9":22,"10":18,"11":18,"12":18,"13":89,"14":89,"15":18,"16":18,"17":28070,"18":18},"f":{"0":4,"1":43,"2":10,"3":6,"4":19,"5":20963,"6":31,"7":22,"8":89,"9":28070},"b":{"0":[57,32],"1":[32,32],"2":[74,15],"3":[15,15]}}
}
